<?xml version="1.0" encoding="UTF-8"?>
<testng-results ignored="0" total="7" passed="7" failed="0" skipped="0">
  <reporter-output>
  </reporter-output>
  <suite started-at="2023-01-03T16:25:27 BDT" name="Default suite" finished-at="2023-01-03T16:27:00 BDT" duration-ms="92975">
    <groups>
    </groups>
    <test started-at="2023-01-03T16:25:27 BDT" name="Default test" finished-at="2023-01-03T16:27:00 BDT" duration-ms="92975">
      <class name="test.com.TextExecution">
        <test-method is-config="true" signature="openBrowser()[pri:0, instance:test.com.TextExecution@4b45a2f5]" started-at="2023-01-03T16:25:27 BDT" name="openBrowser" finished-at="2023-01-03T16:25:29 BDT" duration-ms="1875" status="PASS">
          <reporter-output>
          </reporter-output>
        </test-method> <!-- openBrowser -->
        <test-method signature="lunchURL()[pri:1, instance:test.com.TextExecution@4b45a2f5]" started-at="2023-01-03T16:25:29 BDT" name="lunchURL" finished-at="2023-01-03T16:25:34 BDT" duration-ms="4348" status="PASS">
          <reporter-output>
          </reporter-output>
        </test-method> <!-- lunchURL -->
        <test-method signature="loginToSite()[pri:0, instance:test.com.TextExecution@4b45a2f5]" started-at="2023-01-03T16:25:34 BDT" name="loginToSite" finished-at="2023-01-03T16:25:36 BDT" depends-on-methods="test.com.TextExecution.lunchURL" duration-ms="2018" status="PASS">
          <reporter-output>
          </reporter-output>
        </test-method> <!-- loginToSite -->
        <test-method signature="addEmployee()[pri:0, instance:test.com.TextExecution@4b45a2f5]" started-at="2023-01-03T16:25:36 BDT" name="addEmployee" finished-at="2023-01-03T16:26:34 BDT" depends-on-methods="test.com.TextExecution.loginToSite" duration-ms="58227" status="PASS">
          <reporter-output>
          </reporter-output>
        </test-method> <!-- addEmployee -->
        <test-method signature="openDirectory()[pri:0, instance:test.com.TextExecution@4b45a2f5]" started-at="2023-01-03T16:26:34 BDT" name="openDirectory" finished-at="2023-01-03T16:26:40 BDT" depends-on-methods="test.com.TextExecution.addEmployee" duration-ms="5728" status="PASS">
          <reporter-output>
          </reporter-output>
        </test-method> <!-- openDirectory -->
        <test-method signature="setSearchCriteria()[pri:0, instance:test.com.TextExecution@4b45a2f5]" started-at="2023-01-03T16:26:40 BDT" name="setSearchCriteria" finished-at="2023-01-03T16:26:53 BDT" depends-on-methods="test.com.TextExecution.openDirectory" duration-ms="13429" status="PASS">
          <reporter-output>
          </reporter-output>
        </test-method> <!-- setSearchCriteria -->
        <test-method signature="performSearch()[pri:0, instance:test.com.TextExecution@4b45a2f5]" started-at="2023-01-03T16:26:53 BDT" name="performSearch" finished-at="2023-01-03T16:26:58 BDT" depends-on-methods="test.com.TextExecution.setSearchCriteria" duration-ms="5078" status="PASS">
          <reporter-output>
          </reporter-output>
        </test-method> <!-- performSearch -->
        <test-method signature="verifySearch()[pri:0, instance:test.com.TextExecution@4b45a2f5]" started-at="2023-01-03T16:26:58 BDT" name="verifySearch" finished-at="2023-01-03T16:27:00 BDT" depends-on-methods="test.com.TextExecution.performSearch" duration-ms="2193" status="PASS">
          <reporter-output>
          </reporter-output>
        </test-method> <!-- verifySearch -->
        <test-method is-config="true" signature="closeBrowser()[pri:0, instance:test.com.TextExecution@4b45a2f5]" started-at="2023-01-03T16:27:00 BDT" name="closeBrowser" finished-at="2023-01-03T16:27:00 BDT" duration-ms="1" status="PASS">
          <reporter-output>
          </reporter-output>
        </test-method> <!-- closeBrowser -->
      </class> <!-- test.com.TextExecution -->
    </test> <!-- Default test -->
  </suite> <!-- Default suite -->
</testng-results>
