<?xml version="1.0" encoding="UTF-8"?>
<robot generator="Robot 6.0.1 (Python 3.10.9 on win32)" generated="20230222 12:01:01.329" rpa="false" schemaversion="3">
<suite id="s1" name="ForgotPassword" source="D:\Github\TI_Automation_Backup\IAM\ForgotPassword\ForgotPassword.robot">
<test id="s1-t1" name="Evisa" line="11">
<kw name="Open Evisa">
<kw name="Open Browser" library="SeleniumLibrary">
<arg>http://192.168.4.94:8082/evisa-portal/</arg>
<arg>Chrome</arg>
<doc>Opens a new browser instance to the optional ``url``.</doc>
<msg timestamp="20230222 12:01:01.554" level="INFO">Opening browser 'Chrome' to base url 'http://192.168.4.94:8082/evisa-portal/'.</msg>
<status status="PASS" starttime="20230222 12:01:01.554" endtime="20230222 12:01:07.955"/>
</kw>
<kw name="Maximize Browser Window" library="SeleniumLibrary">
<doc>Maximizes current browser window.</doc>
<status status="PASS" starttime="20230222 12:01:07.956" endtime="20230222 12:01:08.072"/>
</kw>
<kw name="Sleep" library="BuiltIn">
<arg>2s</arg>
<doc>Pauses the test executed for the given time.</doc>
<msg timestamp="20230222 12:01:10.084" level="INFO">Slept 2 seconds</msg>
<status status="PASS" starttime="20230222 12:01:08.072" endtime="20230222 12:01:10.084"/>
</kw>
<kw name="Click Element" library="SeleniumLibrary">
<arg>xpath=//header/div[1]/nav[1]/ul[1]/li[7]/a[1]</arg>
<doc>Click the element identified by ``locator``.</doc>
<msg timestamp="20230222 12:01:10.087" level="INFO">Clicking element 'xpath=//header/div[1]/nav[1]/ul[1]/li[7]/a[1]'.</msg>
<status status="PASS" starttime="20230222 12:01:10.085" endtime="20230222 12:01:10.903"/>
</kw>
<kw name="Sleep" library="BuiltIn">
<arg>2s</arg>
<doc>Pauses the test executed for the given time.</doc>
<msg timestamp="20230222 12:01:12.906" level="INFO">Slept 2 seconds</msg>
<status status="PASS" starttime="20230222 12:01:10.903" endtime="20230222 12:01:12.906"/>
</kw>
<status status="PASS" starttime="20230222 12:01:01.553" endtime="20230222 12:01:12.907"/>
</kw>
<kw name="Forgot Password">
<kw name="Click Element" library="SeleniumLibrary">
<arg>xpath=//a[contains(text(),'Forgot password?')]</arg>
<doc>Click the element identified by ``locator``.</doc>
<msg timestamp="20230222 12:01:12.911" level="INFO">Clicking element 'xpath=//a[contains(text(),'Forgot password?')]'.</msg>
<status status="PASS" starttime="20230222 12:01:12.910" endtime="20230222 12:01:13.409"/>
</kw>
<kw name="Sleep" library="BuiltIn">
<arg>3s</arg>
<doc>Pauses the test executed for the given time.</doc>
<msg timestamp="20230222 12:01:16.420" level="INFO">Slept 3 seconds</msg>
<status status="PASS" starttime="20230222 12:01:13.409" endtime="20230222 12:01:16.420"/>
</kw>
<kw name="Input Text" library="SeleniumLibrary">
<arg>xpath=//input[@id='email']</arg>
<arg>sunnytigerit123@yopmail.com</arg>
<doc>Types the given ``text`` into the text field identified by ``locator``.</doc>
<msg timestamp="20230222 12:01:16.420" level="INFO">Typing text 'sunnytigerit123@yopmail.com' into text field 'xpath=//input[@id='email']'.</msg>
<status status="PASS" starttime="20230222 12:01:16.420" endtime="20230222 12:01:16.518"/>
</kw>
<kw name="Sleep" library="BuiltIn">
<arg>2s</arg>
<doc>Pauses the test executed for the given time.</doc>
<msg timestamp="20230222 12:01:18.531" level="INFO">Slept 2 seconds</msg>
<status status="PASS" starttime="20230222 12:01:16.518" endtime="20230222 12:01:18.531"/>
</kw>
<kw name="Click Button" library="SeleniumLibrary">
<arg>xpath=//body/div[2]/div[1]/div[1]/div[1]/div[1]/div[1]/div[1]/div[1]/div[1]/form[1]/div[3]/input[1]</arg>
<doc>Clicks the button identified by ``locator``.</doc>
<msg timestamp="20230222 12:01:18.531" level="INFO">Clicking button 'xpath=//body/div[2]/div[1]/div[1]/div[1]/div[1]/div[1]/div[1]/div[1]/div[1]/form[1]/div[3]/input[1]'.</msg>
<status status="PASS" starttime="20230222 12:01:18.531" endtime="20230222 12:01:18.574"/>
</kw>
<kw name="Sleep" library="BuiltIn">
<arg>3s</arg>
<doc>Pauses the test executed for the given time.</doc>
<msg timestamp="20230222 12:01:21.577" level="INFO">Slept 3 seconds</msg>
<status status="PASS" starttime="20230222 12:01:18.574" endtime="20230222 12:01:21.577"/>
</kw>
<kw name="Element Should Contain" library="SeleniumLibrary">
<arg>xpath=//div[@id='message']</arg>
<arg>An email has been sent to this email address</arg>
<doc>Verifies that element ``locator`` contains text ``expected``.</doc>
<msg timestamp="20230222 12:01:21.594" level="INFO">Element 'xpath=//div[@id='message']' contains text 'An email has been sent to this email address'.</msg>
<status status="PASS" starttime="20230222 12:01:21.577" endtime="20230222 12:01:21.594"/>
</kw>
<kw name="Sleep" library="BuiltIn">
<arg>3s</arg>
<doc>Pauses the test executed for the given time.</doc>
<msg timestamp="20230222 12:01:24.597" level="INFO">Slept 3 seconds</msg>
<status status="PASS" starttime="20230222 12:01:21.594" endtime="20230222 12:01:24.597"/>
</kw>
<status status="PASS" starttime="20230222 12:01:12.909" endtime="20230222 12:01:24.597"/>
</kw>
<kw name="Check Email">
<kw name="Execute Javascript" library="SeleniumLibrary">
<arg>window.open("https://yopmail.com/en/")</arg>
<doc>Executes the given JavaScript code with possible arguments.</doc>
<msg timestamp="20230222 12:01:24.598" level="INFO">Executing JavaScript:
window.open("https://yopmail.com/en/")
Without any arguments.</msg>
<status status="PASS" starttime="20230222 12:01:24.598" endtime="20230222 12:01:24.633"/>
</kw>
<kw name="Switch Window" library="SeleniumLibrary">
<arg>YOPmail - Disposable Email Address - Anonymous and temporary inbox</arg>
<doc>Switches to browser window matching ``locator``.</doc>
<status status="PASS" starttime="20230222 12:01:24.633" endtime="20230222 12:01:30.765"/>
</kw>
<kw name="Sleep" library="BuiltIn">
<arg>2s</arg>
<doc>Pauses the test executed for the given time.</doc>
<msg timestamp="20230222 12:01:32.772" level="INFO">Slept 2 seconds</msg>
<status status="PASS" starttime="20230222 12:01:30.765" endtime="20230222 12:01:32.772"/>
</kw>
<kw name="Input Text" library="SeleniumLibrary">
<arg>id=login</arg>
<arg>${email}</arg>
<doc>Types the given ``text`` into the text field identified by ``locator``.</doc>
<msg timestamp="20230222 12:01:32.775" level="INFO">Typing text 'sunnytigerit123@yopmail.com' into text field 'id=login'.</msg>
<status status="PASS" starttime="20230222 12:01:32.773" endtime="20230222 12:01:32.876"/>
</kw>
<kw name="Sleep" library="BuiltIn">
<arg>2s</arg>
<doc>Pauses the test executed for the given time.</doc>
<msg timestamp="20230222 12:01:34.883" level="INFO">Slept 2 seconds</msg>
<status status="PASS" starttime="20230222 12:01:32.876" endtime="20230222 12:01:34.884"/>
</kw>
<kw name="Press Keys" library="SeleniumLibrary">
<arg>id=login</arg>
<arg>ENTER</arg>
<doc>Simulates the user pressing key(s) to an element or on the active browser.</doc>
<msg timestamp="20230222 12:01:34.886" level="INFO">Sending key(s) ('ENTER',) to id=login element.</msg>
<msg timestamp="20230222 12:01:35.168" level="INFO">Pressing special key ENTER to element.</msg>
<msg timestamp="20230222 12:01:35.168" level="INFO">Releasing special key ENTER.</msg>
<status status="PASS" starttime="20230222 12:01:34.884" endtime="20230222 12:01:36.536"/>
</kw>
<kw name="Sleep" library="BuiltIn">
<arg>5s</arg>
<doc>Pauses the test executed for the given time.</doc>
<msg timestamp="20230222 12:01:41.551" level="INFO">Slept 5 seconds</msg>
<status status="PASS" starttime="20230222 12:01:36.536" endtime="20230222 12:01:41.551"/>
</kw>
<kw name="Click Button" library="SeleniumLibrary">
<arg>id=refresh</arg>
<doc>Clicks the button identified by ``locator``.</doc>
<msg timestamp="20230222 12:01:41.552" level="INFO">Clicking button 'id=refresh'.</msg>
<status status="PASS" starttime="20230222 12:01:41.551" endtime="20230222 12:01:41.610"/>
</kw>
<kw name="Sleep" library="BuiltIn">
<arg>2s</arg>
<doc>Pauses the test executed for the given time.</doc>
<msg timestamp="20230222 12:01:43.617" level="INFO">Slept 2 seconds</msg>
<status status="PASS" starttime="20230222 12:01:41.611" endtime="20230222 12:01:43.617"/>
</kw>
<kw name="Select Frame" library="SeleniumLibrary">
<arg>ifmail</arg>
<doc>Sets frame identified by ``locator`` as the current frame.</doc>
<msg timestamp="20230222 12:01:43.619" level="INFO">Selecting frame 'ifmail'.</msg>
<status status="PASS" starttime="20230222 12:01:43.618" endtime="20230222 12:01:43.648"/>
</kw>
<kw name="Click Element" library="SeleniumLibrary">
<arg>xpath=//a[contains(text(),'Reset Password')]</arg>
<doc>Click the element identified by ``locator``.</doc>
<msg timestamp="20230222 12:01:43.649" level="INFO">Clicking element 'xpath=//a[contains(text(),'Reset Password')]'.</msg>
<status status="PASS" starttime="20230222 12:01:43.648" endtime="20230222 12:01:43.732"/>
</kw>
<kw name="Sleep" library="BuiltIn">
<arg>3s</arg>
<doc>Pauses the test executed for the given time.</doc>
<msg timestamp="20230222 12:01:46.746" level="INFO">Slept 3 seconds</msg>
<status status="PASS" starttime="20230222 12:01:43.732" endtime="20230222 12:01:46.746"/>
</kw>
<status status="PASS" starttime="20230222 12:01:24.597" endtime="20230222 12:01:46.747"/>
</kw>
<kw name="Change Password">
<kw name="Switch Window" library="SeleniumLibrary">
<arg>IAM : Login</arg>
<doc>Switches to browser window matching ``locator``.</doc>
<status status="PASS" starttime="20230222 12:01:46.750" endtime="20230222 12:01:46.781"/>
</kw>
<kw name="Sleep" library="BuiltIn">
<arg>3s</arg>
<doc>Pauses the test executed for the given time.</doc>
<msg timestamp="20230222 12:01:49.783" level="INFO">Slept 3 seconds</msg>
<status status="PASS" starttime="20230222 12:01:46.781" endtime="20230222 12:01:49.783"/>
</kw>
<kw name="Log Title" library="SeleniumLibrary">
<doc>Logs and returns the title of the current page.</doc>
<msg timestamp="20230222 12:01:49.787" level="INFO">IAM : Login</msg>
<status status="PASS" starttime="20230222 12:01:49.783" endtime="20230222 12:01:49.787"/>
</kw>
<status status="PASS" starttime="20230222 12:01:46.749" endtime="20230222 12:01:49.787"/>
</kw>
<status status="PASS" starttime="20230222 12:01:01.553" endtime="20230222 12:01:49.787"/>
</test>
<status status="PASS" starttime="20230222 12:01:01.333" endtime="20230222 12:01:49.789"/>
</suite>
<statistics>
<total>
<stat pass="1" fail="0" skip="0">All Tests</stat>
</total>
<tag>
</tag>
<suite>
<stat pass="1" fail="0" skip="0" id="s1" name="ForgotPassword">ForgotPassword</stat>
</suite>
</statistics>
<errors>
</errors>
</robot>
