<?xml version="1.0" encoding="UTF-8"?>
<robot generator="Robot 6.0.1 (Python 3.10.9 on win32)" generated="20230124 16:50:28.138" rpa="false" schemaversion="3">
<suite id="s1" name="ConfirmationEmail" source="D:\Automation\IAM\ConfirmationEmail\ConfirmationEmail.robot">
<test id="s1-t1" name="Evisa" line="14">
<kw name="Open Evisa">
<kw name="Open Browser" library="SeleniumLibrary">
<arg>http://192.168.4.94:8082/evisa-portal/</arg>
<arg>Chrome</arg>
<doc>Opens a new browser instance to the optional ``url``.</doc>
<msg timestamp="20230124 16:50:29.962" level="INFO">Opening browser 'Chrome' to base url 'http://192.168.4.94:8082/evisa-portal/'.</msg>
<status status="PASS" starttime="20230124 16:50:29.962" endtime="20230124 16:50:42.434"/>
</kw>
<kw name="Maximize Browser Window" library="SeleniumLibrary">
<doc>Maximizes current browser window.</doc>
<status status="PASS" starttime="20230124 16:50:42.434" endtime="20230124 16:50:42.559"/>
</kw>
<kw name="Sleep" library="BuiltIn">
<arg>2s</arg>
<doc>Pauses the test executed for the given time.</doc>
<msg timestamp="20230124 16:50:44.573" level="INFO">Slept 2 seconds</msg>
<status status="PASS" starttime="20230124 16:50:42.559" endtime="20230124 16:50:44.573"/>
</kw>
<kw name="Click Element" library="SeleniumLibrary">
<arg>xpath=//header/div[1]/nav[1]/ul[1]/li[7]/a[1]</arg>
<doc>Click the element identified by ``locator``.</doc>
<msg timestamp="20230124 16:50:44.574" level="INFO">Clicking element 'xpath=//header/div[1]/nav[1]/ul[1]/li[7]/a[1]'.</msg>
<status status="PASS" starttime="20230124 16:50:44.573" endtime="20230124 16:50:45.266"/>
</kw>
<kw name="Sleep" library="BuiltIn">
<arg>2s</arg>
<doc>Pauses the test executed for the given time.</doc>
<msg timestamp="20230124 16:50:47.271" level="INFO">Slept 2 seconds</msg>
<status status="PASS" starttime="20230124 16:50:45.266" endtime="20230124 16:50:47.271"/>
</kw>
<kw name="Run Keyword" library="BuiltIn">
<arg>Sign Up</arg>
<doc>Executes the given keyword with the given arguments.</doc>
<kw name="Sign Up">
<kw name="Run And Return Rc And Output" library="OperatingSystem">
<var>${output}</var>
<arg>python RandomEmail.py</arg>
<doc>Runs the given command in the system and returns the RC and output.</doc>
<msg timestamp="20230124 16:50:47.493" level="INFO">Running command 'python RandomEmail.py 2&gt;&amp;1'.</msg>
<msg timestamp="20230124 16:50:47.763" level="INFO">${output} = (0, 'nxIVjgBX@yopmail.com')</msg>
<status status="PASS" starttime="20230124 16:50:47.274" endtime="20230124 16:50:47.763"/>
</kw>
<kw name="Set Variable" library="BuiltIn">
<var>${email}</var>
<arg>${output[1]}</arg>
<doc>Returns the given values which can then be assigned to a variables.</doc>
<msg timestamp="20230124 16:50:47.764" level="INFO">${email} = nxIVjgBX@yopmail.com</msg>
<status status="PASS" starttime="20230124 16:50:47.763" endtime="20230124 16:50:47.764"/>
</kw>
<kw name="Click Element" library="SeleniumLibrary">
<arg>xpath=//a[@id='signup']</arg>
<doc>Click the element identified by ``locator``.</doc>
<msg timestamp="20230124 16:50:47.764" level="INFO">Clicking element 'xpath=//a[@id='signup']'.</msg>
<status status="PASS" starttime="20230124 16:50:47.764" endtime="20230124 16:50:47.805"/>
</kw>
<kw name="Sleep" library="BuiltIn">
<arg>1s</arg>
<doc>Pauses the test executed for the given time.</doc>
<msg timestamp="20230124 16:50:48.814" level="INFO">Slept 1 second</msg>
<status status="PASS" starttime="20230124 16:50:47.805" endtime="20230124 16:50:48.815"/>
</kw>
<kw name="Input Text" library="SeleniumLibrary">
<arg>xpath=//input[@id='firstname']</arg>
<arg>${firstname}</arg>
<doc>Types the given ``text`` into the text field identified by ``locator``.</doc>
<msg timestamp="20230124 16:50:48.817" level="INFO">Typing text 'eVisa' into text field 'xpath=//input[@id='firstname']'.</msg>
<status status="PASS" starttime="20230124 16:50:48.815" endtime="20230124 16:50:48.891"/>
</kw>
<kw name="Sleep" library="BuiltIn">
<arg>1s</arg>
<doc>Pauses the test executed for the given time.</doc>
<msg timestamp="20230124 16:50:49.904" level="INFO">Slept 1 second</msg>
<status status="PASS" starttime="20230124 16:50:48.892" endtime="20230124 16:50:49.904"/>
</kw>
<kw name="Input Text" library="SeleniumLibrary">
<arg>xpath=//input[@id='lastname']</arg>
<arg>${lastname}</arg>
<doc>Types the given ``text`` into the text field identified by ``locator``.</doc>
<msg timestamp="20230124 16:50:49.905" level="INFO">Typing text 'Test' into text field 'xpath=//input[@id='lastname']'.</msg>
<status status="PASS" starttime="20230124 16:50:49.904" endtime="20230124 16:50:49.971"/>
</kw>
<kw name="Sleep" library="BuiltIn">
<arg>1s</arg>
<doc>Pauses the test executed for the given time.</doc>
<msg timestamp="20230124 16:50:50.981" level="INFO">Slept 1 second</msg>
<status status="PASS" starttime="20230124 16:50:49.971" endtime="20230124 16:50:50.981"/>
</kw>
<kw name="Input Text" library="SeleniumLibrary">
<arg>xpath=//input[@id='email']</arg>
<arg>${email}</arg>
<doc>Types the given ``text`` into the text field identified by ``locator``.</doc>
<msg timestamp="20230124 16:50:50.982" level="INFO">Typing text 'nxIVjgBX@yopmail.com' into text field 'xpath=//input[@id='email']'.</msg>
<status status="PASS" starttime="20230124 16:50:50.981" endtime="20230124 16:50:51.051"/>
</kw>
<kw name="Sleep" library="BuiltIn">
<arg>1s</arg>
<doc>Pauses the test executed for the given time.</doc>
<msg timestamp="20230124 16:50:52.063" level="INFO">Slept 1 second</msg>
<status status="PASS" starttime="20230124 16:50:51.051" endtime="20230124 16:50:52.064"/>
</kw>
<kw name="Input Text" library="SeleniumLibrary">
<arg>xpath=//body/div[1]/div[1]/div[1]/div[2]/div[1]/form[1]/div[4]/input[1]</arg>
<arg>${password}</arg>
<doc>Types the given ``text`` into the text field identified by ``locator``.</doc>
<msg timestamp="20230124 16:50:52.066" level="INFO">Typing text '123456' into text field 'xpath=//body/div[1]/div[1]/div[1]/div[2]/div[1]/form[1]/div[4]/input[1]'.</msg>
<status status="PASS" starttime="20230124 16:50:52.064" endtime="20230124 16:50:52.128"/>
</kw>
<kw name="Sleep" library="BuiltIn">
<arg>1s</arg>
<doc>Pauses the test executed for the given time.</doc>
<msg timestamp="20230124 16:50:53.142" level="INFO">Slept 1 second</msg>
<status status="PASS" starttime="20230124 16:50:52.128" endtime="20230124 16:50:53.142"/>
</kw>
<kw name="Click Button" library="SeleniumLibrary">
<arg>xpath=//button[contains(text(),'Create Account')]</arg>
<doc>Clicks the button identified by ``locator``.</doc>
<msg timestamp="20230124 16:50:53.143" level="INFO">Clicking button 'xpath=//button[contains(text(),'Create Account')]'.</msg>
<status status="PASS" starttime="20230124 16:50:53.142" endtime="20230124 16:50:53.735"/>
</kw>
<kw name="Execute Javascript" library="SeleniumLibrary">
<arg>window.open("https://yopmail.com/en/")</arg>
<doc>Executes the given JavaScript code with possible arguments.</doc>
<msg timestamp="20230124 16:50:53.736" level="INFO">Executing JavaScript:
window.open("https://yopmail.com/en/")
Without any arguments.</msg>
<status status="PASS" starttime="20230124 16:50:53.735" endtime="20230124 16:50:53.776"/>
</kw>
<kw name="Switch Window" library="SeleniumLibrary">
<arg>YOPmail - Disposable Email Address - Anonymous and temporary inbox</arg>
<doc>Switches to browser window matching ``locator``.</doc>
<status status="PASS" starttime="20230124 16:50:53.776" endtime="20230124 16:50:58.351"/>
</kw>
<kw name="Sleep" library="BuiltIn">
<arg>2s</arg>
<doc>Pauses the test executed for the given time.</doc>
<msg timestamp="20230124 16:51:00.359" level="INFO">Slept 2 seconds</msg>
<status status="PASS" starttime="20230124 16:50:58.351" endtime="20230124 16:51:00.359"/>
</kw>
<kw name="Input Text" library="SeleniumLibrary">
<arg>id=login</arg>
<arg>${email}</arg>
<doc>Types the given ``text`` into the text field identified by ``locator``.</doc>
<msg timestamp="20230124 16:51:00.360" level="INFO">Typing text 'nxIVjgBX@yopmail.com' into text field 'id=login'.</msg>
<status status="PASS" starttime="20230124 16:51:00.359" endtime="20230124 16:51:00.429"/>
</kw>
<kw name="Sleep" library="BuiltIn">
<arg>2s</arg>
<doc>Pauses the test executed for the given time.</doc>
<msg timestamp="20230124 16:51:02.439" level="INFO">Slept 2 seconds</msg>
<status status="PASS" starttime="20230124 16:51:00.429" endtime="20230124 16:51:02.439"/>
</kw>
<kw name="Press Keys" library="SeleniumLibrary">
<arg>id=login</arg>
<arg>ENTER</arg>
<doc>Simulates the user pressing key(s) to an element or on the active browser.</doc>
<msg timestamp="20230124 16:51:02.440" level="INFO">Sending key(s) ('ENTER',) to id=login element.</msg>
<msg timestamp="20230124 16:51:03.084" level="INFO">Pressing special key ENTER to element.</msg>
<msg timestamp="20230124 16:51:03.084" level="INFO">Releasing special key ENTER.</msg>
<status status="PASS" starttime="20230124 16:51:02.439" endtime="20230124 16:51:04.532"/>
</kw>
<kw name="Sleep" library="BuiltIn">
<arg>5s</arg>
<doc>Pauses the test executed for the given time.</doc>
<msg timestamp="20230124 16:51:09.533" level="INFO">Slept 5 seconds</msg>
<status status="PASS" starttime="20230124 16:51:04.532" endtime="20230124 16:51:09.533"/>
</kw>
<kw name="Click Button" library="SeleniumLibrary">
<arg>id=refresh</arg>
<doc>Clicks the button identified by ``locator``.</doc>
<msg timestamp="20230124 16:51:09.535" level="INFO">Clicking button 'id=refresh'.</msg>
<status status="PASS" starttime="20230124 16:51:09.534" endtime="20230124 16:51:09.621"/>
</kw>
<kw name="Sleep" library="BuiltIn">
<arg>2s</arg>
<doc>Pauses the test executed for the given time.</doc>
<msg timestamp="20230124 16:51:11.627" level="INFO">Slept 2 seconds</msg>
<status status="PASS" starttime="20230124 16:51:09.622" endtime="20230124 16:51:11.628"/>
</kw>
<kw name="Select Frame" library="SeleniumLibrary">
<arg>ifmail</arg>
<doc>Sets frame identified by ``locator`` as the current frame.</doc>
<msg timestamp="20230124 16:51:11.631" level="INFO">Selecting frame 'ifmail'.</msg>
<status status="PASS" starttime="20230124 16:51:11.629" endtime="20230124 16:51:11.653"/>
</kw>
<kw name="Click Element" library="SeleniumLibrary">
<arg>xpath=//a[contains(text(),'Confirm Email')]</arg>
<doc>Click the element identified by ``locator``.</doc>
<msg timestamp="20230124 16:51:11.653" level="INFO">Clicking element 'xpath=//a[contains(text(),'Confirm Email')]'.</msg>
<status status="PASS" starttime="20230124 16:51:11.653" endtime="20230124 16:51:11.744"/>
</kw>
<kw name="Sleep" library="BuiltIn">
<arg>2s</arg>
<doc>Pauses the test executed for the given time.</doc>
<msg timestamp="20230124 16:51:13.750" level="INFO">Slept 2 seconds</msg>
<status status="PASS" starttime="20230124 16:51:11.745" endtime="20230124 16:51:13.751"/>
</kw>
<kw name="Switch Window" library="SeleniumLibrary">
<arg>LOCATOR=index=3</arg>
<doc>Switches to browser window matching ``locator``.</doc>
<msg timestamp="20230124 16:51:14.062" level="INFO" html="true">&lt;/td&gt;&lt;/tr&gt;&lt;tr&gt;&lt;td colspan="3"&gt;&lt;a href="selenium-screenshot-38.png"&gt;&lt;img src="selenium-screenshot-38.png" width="800px"&gt;&lt;/a&gt;</msg>
<msg timestamp="20230124 16:51:14.063" level="FAIL">No window matching handle, name, title or URL 'LOCATOR=index=3' found.</msg>
<status status="FAIL" starttime="20230124 16:51:13.752" endtime="20230124 16:51:14.137"/>
</kw>
<kw name="Page Should Contain Element" library="SeleniumLibrary">
<arg>xapth=/html/body</arg>
<doc>Verifies that element ``locator`` is found on the current page.</doc>
<status status="NOT RUN" starttime="20230124 16:51:14.138" endtime="20230124 16:51:14.138"/>
</kw>
<status status="FAIL" starttime="20230124 16:50:47.272" endtime="20230124 16:51:14.138"/>
</kw>
<status status="FAIL" starttime="20230124 16:50:47.272" endtime="20230124 16:51:14.138"/>
</kw>
<status status="FAIL" starttime="20230124 16:50:29.961" endtime="20230124 16:51:14.138"/>
</kw>
<status status="FAIL" starttime="20230124 16:50:29.961" endtime="20230124 16:51:14.139">No window matching handle, name, title or URL 'LOCATOR=index=3' found.</status>
</test>
<status status="FAIL" starttime="20230124 16:50:28.140" endtime="20230124 16:51:14.139"/>
</suite>
<statistics>
<total>
<stat pass="0" fail="1" skip="0">All Tests</stat>
</total>
<tag>
</tag>
<suite>
<stat pass="0" fail="1" skip="0" id="s1" name="ConfirmationEmail">ConfirmationEmail</stat>
</suite>
</statistics>
<errors>
</errors>
</robot>
