<?xml version="1.0" encoding="UTF-8"?>
<robot generator="Robot 6.0.1 (Python 3.10.9 on win32)" generated="20230104 13:15:58.982" rpa="false" schemaversion="3">
<suite id="s1" name="Opensource-Demo Xlsx" source="d:\Automation\Jayed Vai\opensource-demo_xlsx.robot">
<kw name="Login First" type="SETUP">
<kw name="Open Browser" library="SeleniumLibrary">
<arg>${url}</arg>
<arg>${browser}</arg>
<doc>Opens a new browser instance to the optional ``url``.</doc>
<msg timestamp="20230104 13:15:59.513" level="INFO">Opening browser 'Chrome' to base url 'https://opensource-demo.orangehrmlive.com/web/index.php/auth/login'.</msg>
<status status="PASS" starttime="20230104 13:15:59.512" endtime="20230104 13:16:05.150"/>
</kw>
<kw name="Maximize Browser Window" library="SeleniumLibrary">
<doc>Maximizes current browser window.</doc>
<status status="PASS" starttime="20230104 13:16:05.150" endtime="20230104 13:16:05.413"/>
</kw>
<kw name="Sleep" library="BuiltIn">
<arg>10s</arg>
<doc>Pauses the test executed for the given time.</doc>
<msg timestamp="20230104 13:16:15.426" level="INFO">Slept 10 seconds</msg>
<status status="PASS" starttime="20230104 13:16:05.414" endtime="20230104 13:16:15.428"/>
</kw>
<kw name="Input Text" library="SeleniumLibrary">
<arg>name:username</arg>
<arg>${Valid_User}</arg>
<doc>Types the given ``text`` into the text field identified by ``locator``.</doc>
<msg timestamp="20230104 13:16:15.439" level="INFO">Typing text 'Admin' into text field 'name:username'.</msg>
<status status="PASS" starttime="20230104 13:16:15.431" endtime="20230104 13:16:15.512"/>
</kw>
<kw name="Sleep" library="BuiltIn">
<arg>2s</arg>
<doc>Pauses the test executed for the given time.</doc>
<msg timestamp="20230104 13:16:17.517" level="INFO">Slept 2 seconds</msg>
<status status="PASS" starttime="20230104 13:16:15.513" endtime="20230104 13:16:17.520"/>
</kw>
<kw name="Input Text" library="SeleniumLibrary">
<arg>name:password</arg>
<arg>${Valid_Pass}</arg>
<doc>Types the given ``text`` into the text field identified by ``locator``.</doc>
<msg timestamp="20230104 13:16:17.524" level="INFO">Typing text 'admin123' into text field 'name:password'.</msg>
<status status="PASS" starttime="20230104 13:16:17.522" endtime="20230104 13:16:17.594"/>
</kw>
<kw name="Sleep" library="BuiltIn">
<arg>2s</arg>
<doc>Pauses the test executed for the given time.</doc>
<msg timestamp="20230104 13:16:19.608" level="INFO">Slept 2 seconds</msg>
<status status="PASS" starttime="20230104 13:16:17.595" endtime="20230104 13:16:19.610"/>
</kw>
<kw name="Click Button" library="SeleniumLibrary">
<arg>xpath://*[@id="app"]//button[@type='submit' and contains(., ' Login ')]</arg>
<doc>Clicks the button identified by ``locator``.</doc>
<msg timestamp="20230104 13:16:19.613" level="INFO">Clicking button 'xpath://*[@id="app"]//button[@type='submit' and contains(., ' Login ')]'.</msg>
<status status="PASS" starttime="20230104 13:16:19.612" endtime="20230104 13:16:19.667"/>
</kw>
<kw name="Sleep" library="BuiltIn">
<arg>2s</arg>
<doc>Pauses the test executed for the given time.</doc>
<msg timestamp="20230104 13:16:21.677" level="INFO">Slept 2 seconds</msg>
<status status="PASS" starttime="20230104 13:16:19.668" endtime="20230104 13:16:21.677"/>
</kw>
<kw name="Wait Until Page Contains Element" library="SeleniumLibrary">
<arg>xpath://*[@id="app"]//span/h6[contains(., 'Dashboard')]</arg>
<arg>20s</arg>
<doc>Waits until the element ``locator`` appears on the current page.</doc>
<status status="PASS" starttime="20230104 13:16:21.678" endtime="20230104 13:16:21.694"/>
</kw>
<kw name="Location Should Be" library="SeleniumLibrary">
<arg>https://opensource-demo.orangehrmlive.com/web/index.php/dashboard/index</arg>
<doc>Verifies that the current URL is exactly ``url``.</doc>
<msg timestamp="20230104 13:16:21.702" level="INFO">Current location is 'https://opensource-demo.orangehrmlive.com/web/index.php/dashboard/index'.</msg>
<status status="PASS" starttime="20230104 13:16:21.695" endtime="20230104 13:16:21.703"/>
</kw>
<status status="PASS" starttime="20230104 13:15:59.510" endtime="20230104 13:16:21.704"/>
</kw>
<test id="s1-t1" name="Search as ${Name} and ${Country}" line="18">
<status status="FAIL" starttime="20230104 13:16:21.708" endtime="20230104 13:16:21.713">Test contains no keywords.</status>
</test>
<kw name="Logout Last" type="TEARDOWN">
<kw name="Click Element" library="SeleniumLibrary">
<arg>css=.oxd-userdropdown-icon</arg>
<doc>Click the element identified by ``locator``.</doc>
<msg timestamp="20230104 13:16:21.721" level="INFO">Clicking element 'css=.oxd-userdropdown-icon'.</msg>
<status status="PASS" starttime="20230104 13:16:21.719" endtime="20230104 13:16:21.763"/>
</kw>
<kw name="Sleep" library="BuiltIn">
<arg>2s</arg>
<doc>Pauses the test executed for the given time.</doc>
<msg timestamp="20230104 13:16:23.781" level="INFO">Slept 2 seconds</msg>
<status status="PASS" starttime="20230104 13:16:21.764" endtime="20230104 13:16:23.781"/>
</kw>
<kw name="Click Element" library="SeleniumLibrary">
<arg>//*[@id="app"]//a[@href="/web/index.php/auth/logout"]</arg>
<doc>Click the element identified by ``locator``.</doc>
<msg timestamp="20230104 13:16:23.783" level="INFO">Clicking element '//*[@id="app"]//a[@href="/web/index.php/auth/logout"]'.</msg>
<status status="PASS" starttime="20230104 13:16:23.782" endtime="20230104 13:16:24.865"/>
</kw>
<kw name="Sleep" library="BuiltIn">
<arg>3s</arg>
<doc>Pauses the test executed for the given time.</doc>
<msg timestamp="20230104 13:16:27.878" level="INFO">Slept 3 seconds</msg>
<status status="PASS" starttime="20230104 13:16:24.866" endtime="20230104 13:16:27.881"/>
</kw>
<kw name="Location Should Be" library="SeleniumLibrary">
<arg>https://opensource-demo.orangehrmlive.com/web/index.php/auth/login</arg>
<doc>Verifies that the current URL is exactly ``url``.</doc>
<msg timestamp="20230104 13:16:27.888" level="INFO">Current location is 'https://opensource-demo.orangehrmlive.com/web/index.php/auth/login'.</msg>
<status status="PASS" starttime="20230104 13:16:27.883" endtime="20230104 13:16:27.889"/>
</kw>
<status status="PASS" starttime="20230104 13:16:21.718" endtime="20230104 13:16:27.889"/>
</kw>
<doc>Data Driven Test</doc>
<status status="FAIL" starttime="20230104 13:15:58.996" endtime="20230104 13:16:27.890"/>
</suite>
<statistics>
<total>
<stat pass="0" fail="1" skip="0">All Tests</stat>
</total>
<tag>
</tag>
<suite>
<stat pass="0" fail="1" skip="0" id="s1" name="Opensource-Demo Xlsx">Opensource-Demo Xlsx</stat>
</suite>
</statistics>
<errors>
<msg timestamp="20230104 13:15:59.503" level="ERROR">[ DataDriver ] Error in robot file:
  File "d:\Automation\Jayed Vai\opensource-demo_xlsx.robot", line 0</msg>
<msg timestamp="20230104 13:15:59.504" level="ERROR">In source file:
  File "./TS1.xlsx", line 0</msg>
<msg timestamp="20230104 13:15:59.508" level="ERROR">Calling method '_start_suite' of listener 'DataDriver' failed: ImportError: Requirements (pandas, openpyxl) for XLSX support are not installed.
    Use 'pip install -U robotframework-datadriver[XLS]' to install XLSX support.</msg>
</errors>
</robot>
