<?xml version="1.0" encoding="UTF-8"?>
<robot generator="Robot 6.0.1 (Python 3.10.9 on win32)" generated="20230130 12:20:38.750" rpa="false" schemaversion="3">
<suite id="s1" name="MFAemail" source="D:\Automation\IAM\MFAemail\MFAemail.robot">
<test id="s1-t1" name="Evisa" line="12">
<kw name="Open Evisa">
<kw name="Open Browser" library="SeleniumLibrary">
<arg>http://192.168.4.94:8082/evisa-portal/</arg>
<arg>Chrome</arg>
<doc>Opens a new browser instance to the optional ``url``.</doc>
<msg timestamp="20230130 12:20:41.838" level="INFO">Opening browser 'Chrome' to base url 'http://192.168.4.94:8082/evisa-portal/'.</msg>
<status status="PASS" starttime="20230130 12:20:41.838" endtime="20230130 12:20:53.439"/>
</kw>
<kw name="Maximize Browser Window" library="SeleniumLibrary">
<doc>Maximizes current browser window.</doc>
<status status="PASS" starttime="20230130 12:20:53.439" endtime="20230130 12:20:53.651"/>
</kw>
<kw name="Sleep" library="BuiltIn">
<arg>2s</arg>
<doc>Pauses the test executed for the given time.</doc>
<msg timestamp="20230130 12:20:55.661" level="INFO">Slept 2 seconds</msg>
<status status="PASS" starttime="20230130 12:20:53.651" endtime="20230130 12:20:55.661"/>
</kw>
<kw name="Click Element" library="SeleniumLibrary">
<arg>xpath=//header/div[1]/nav[1]/ul[1]/li[7]/a[1]</arg>
<doc>Click the element identified by ``locator``.</doc>
<msg timestamp="20230130 12:20:55.662" level="INFO">Clicking element 'xpath=//header/div[1]/nav[1]/ul[1]/li[7]/a[1]'.</msg>
<status status="PASS" starttime="20230130 12:20:55.661" endtime="20230130 12:20:56.979"/>
</kw>
<kw name="Sleep" library="BuiltIn">
<arg>2s</arg>
<doc>Pauses the test executed for the given time.</doc>
<msg timestamp="20230130 12:20:58.995" level="INFO">Slept 2 seconds</msg>
<status status="PASS" starttime="20230130 12:20:56.979" endtime="20230130 12:20:58.995"/>
</kw>
<kw name="Run Keyword" library="BuiltIn">
<arg>Login</arg>
<doc>Executes the given keyword with the given arguments.</doc>
<kw name="Login">
<kw name="Input Text" library="SeleniumLibrary">
<arg>id=username</arg>
<arg>${username}</arg>
<doc>Types the given ``text`` into the text field identified by ``locator``.</doc>
<msg timestamp="20230130 12:20:58.999" level="INFO">Typing text 'sunnytigerit123@yopmail.com' into text field 'id=username'.</msg>
<status status="PASS" starttime="20230130 12:20:58.998" endtime="20230130 12:20:59.197"/>
</kw>
<kw name="Input Password" library="SeleniumLibrary">
<arg>id=password</arg>
<arg>${password}</arg>
<doc>Types the given password into the text field identified by ``locator``.</doc>
<msg timestamp="20230130 12:20:59.198" level="INFO">Typing password into text field 'id=password'.</msg>
<msg timestamp="20230130 12:20:59.228" level="INFO">Temporally setting log level to: NONE</msg>
<msg timestamp="20230130 12:20:59.261" level="INFO">Log level changed from NONE to INFO.</msg>
<status status="PASS" starttime="20230130 12:20:59.198" endtime="20230130 12:20:59.261"/>
</kw>
<kw name="Click Button" library="SeleniumLibrary">
<arg>xpath=//button[contains(text(),'Login')]</arg>
<doc>Clicks the button identified by ``locator``.</doc>
<msg timestamp="20230130 12:20:59.261" level="INFO">Clicking button 'xpath=//button[contains(text(),'Login')]'.</msg>
<status status="PASS" starttime="20230130 12:20:59.261" endtime="20230130 12:21:00.191"/>
</kw>
<kw name="Sleep" library="BuiltIn">
<arg>2s</arg>
<doc>Pauses the test executed for the given time.</doc>
<msg timestamp="20230130 12:21:02.193" level="INFO">Slept 2 seconds</msg>
<status status="PASS" starttime="20230130 12:21:00.191" endtime="20230130 12:21:02.193"/>
</kw>
<kw name="Run Keyword" library="BuiltIn">
<arg>Method Select</arg>
<doc>Executes the given keyword with the given arguments.</doc>
<kw name="Method Select">
<kw name="Click Element" library="SeleniumLibrary">
<arg>xpath=//a[contains(text(),'Try another method?')]</arg>
<doc>Click the element identified by ``locator``.</doc>
<msg timestamp="20230130 12:21:02.194" level="INFO">Clicking element 'xpath=//a[contains(text(),'Try another method?')]'.</msg>
<status status="PASS" starttime="20230130 12:21:02.194" endtime="20230130 12:21:02.240"/>
</kw>
<kw name="Sleep" library="BuiltIn">
<arg>2s</arg>
<doc>Pauses the test executed for the given time.</doc>
<msg timestamp="20230130 12:21:04.256" level="INFO">Slept 2 seconds</msg>
<status status="PASS" starttime="20230130 12:21:02.241" endtime="20230130 12:21:04.256"/>
</kw>
<kw name="Click Element" library="SeleniumLibrary">
<arg>xpath=//div[contains(text(),'E-mail')]</arg>
<doc>Click the element identified by ``locator``.</doc>
<msg timestamp="20230130 12:21:04.258" level="INFO">Clicking element 'xpath=//div[contains(text(),'E-mail')]'.</msg>
<status status="PASS" starttime="20230130 12:21:04.257" endtime="20230130 12:21:04.307"/>
</kw>
<kw name="Sleep" library="BuiltIn">
<arg>2s</arg>
<doc>Pauses the test executed for the given time.</doc>
<msg timestamp="20230130 12:21:06.318" level="INFO">Slept 2 seconds</msg>
<status status="PASS" starttime="20230130 12:21:04.308" endtime="20230130 12:21:06.318"/>
</kw>
<kw name="Execute Javascript" library="SeleniumLibrary">
<arg>window.open("https://yopmail.com/en/")</arg>
<doc>Executes the given JavaScript code with possible arguments.</doc>
<msg timestamp="20230130 12:21:06.321" level="INFO">Executing JavaScript:
window.open("https://yopmail.com/en/")
Without any arguments.</msg>
<status status="PASS" starttime="20230130 12:21:06.319" endtime="20230130 12:21:06.380"/>
</kw>
<kw name="Switch Window" library="SeleniumLibrary">
<arg>YOPmail - Disposable Email Address - Anonymous and temporary inbox</arg>
<doc>Switches to browser window matching ``locator``.</doc>
<status status="PASS" starttime="20230130 12:21:06.380" endtime="20230130 12:21:11.879"/>
</kw>
<kw name="Sleep" library="BuiltIn">
<arg>2s</arg>
<doc>Pauses the test executed for the given time.</doc>
<msg timestamp="20230130 12:21:13.885" level="INFO">Slept 2 seconds</msg>
<status status="PASS" starttime="20230130 12:21:11.880" endtime="20230130 12:21:13.886"/>
</kw>
<kw name="Input Text" library="SeleniumLibrary">
<arg>id=login</arg>
<arg>${username}</arg>
<doc>Types the given ``text`` into the text field identified by ``locator``.</doc>
<msg timestamp="20230130 12:21:13.888" level="INFO">Typing text 'sunnytigerit123@yopmail.com' into text field 'id=login'.</msg>
<status status="PASS" starttime="20230130 12:21:13.886" endtime="20230130 12:21:13.963"/>
</kw>
<kw name="Sleep" library="BuiltIn">
<arg>2s</arg>
<doc>Pauses the test executed for the given time.</doc>
<msg timestamp="20230130 12:21:15.976" level="INFO">Slept 2 seconds</msg>
<status status="PASS" starttime="20230130 12:21:13.963" endtime="20230130 12:21:15.976"/>
</kw>
<kw name="Press Keys" library="SeleniumLibrary">
<arg>id=login</arg>
<arg>ENTER</arg>
<doc>Simulates the user pressing key(s) to an element or on the active browser.</doc>
<msg timestamp="20230130 12:21:15.979" level="INFO">Sending key(s) ('ENTER',) to id=login element.</msg>
<msg timestamp="20230130 12:21:16.330" level="INFO">Pressing special key ENTER to element.</msg>
<msg timestamp="20230130 12:21:16.330" level="INFO">Releasing special key ENTER.</msg>
<status status="PASS" starttime="20230130 12:21:15.977" endtime="20230130 12:21:17.075"/>
</kw>
<kw name="Sleep" library="BuiltIn">
<arg>5s</arg>
<doc>Pauses the test executed for the given time.</doc>
<msg timestamp="20230130 12:21:22.090" level="INFO">Slept 5 seconds</msg>
<status status="PASS" starttime="20230130 12:21:17.075" endtime="20230130 12:21:22.090"/>
</kw>
<kw name="Click Button" library="SeleniumLibrary">
<arg>id=refresh</arg>
<doc>Clicks the button identified by ``locator``.</doc>
<msg timestamp="20230130 12:21:22.093" level="INFO">Clicking button 'id=refresh'.</msg>
<status status="PASS" starttime="20230130 12:21:22.091" endtime="20230130 12:21:22.142"/>
</kw>
<kw name="Sleep" library="BuiltIn">
<arg>2s</arg>
<doc>Pauses the test executed for the given time.</doc>
<msg timestamp="20230130 12:21:24.151" level="INFO">Slept 2 seconds</msg>
<status status="PASS" starttime="20230130 12:21:22.142" endtime="20230130 12:21:24.159"/>
</kw>
<kw name="Select Frame" library="SeleniumLibrary">
<arg>ifmail</arg>
<doc>Sets frame identified by ``locator`` as the current frame.</doc>
<msg timestamp="20230130 12:21:24.161" level="INFO">Selecting frame 'ifmail'.</msg>
<status status="PASS" starttime="20230130 12:21:24.160" endtime="20230130 12:21:24.191"/>
</kw>
<kw name="Get Text" library="SeleniumLibrary">
<var>${otp}</var>
<arg>xpath=/html[1]/body[1]/main[1]/div[1]/div[1]/div[1]/div[1]/div[1]/h2[1]/b[1]</arg>
<doc>Returns the text value of the element identified by ``locator``.</doc>
<msg timestamp="20230130 12:21:24.414" level="INFO">${otp} = 675887</msg>
<status status="PASS" starttime="20230130 12:21:24.191" endtime="20230130 12:21:24.414"/>
</kw>
<kw name="Log" library="BuiltIn">
<arg>${otp}</arg>
<doc>Logs the given message with the given level.</doc>
<msg timestamp="20230130 12:21:24.414" level="INFO">675887</msg>
<status status="PASS" starttime="20230130 12:21:24.414" endtime="20230130 12:21:24.414"/>
</kw>
<kw name="Switch Window" library="SeleniumLibrary">
<arg>MFA Verify | IAM</arg>
<doc>Switches to browser window matching ``locator``.</doc>
<status status="PASS" starttime="20230130 12:21:24.414" endtime="20230130 12:21:24.445"/>
</kw>
<kw name="Sleep" library="BuiltIn">
<arg>1s</arg>
<doc>Pauses the test executed for the given time.</doc>
<msg timestamp="20230130 12:21:25.453" level="INFO">Slept 1 second</msg>
<status status="PASS" starttime="20230130 12:21:24.446" endtime="20230130 12:21:25.453"/>
</kw>
<kw name="Input Text" library="SeleniumLibrary">
<arg>xpath=//input[@id='input-19--0']</arg>
<arg>${otp}</arg>
<doc>Types the given ``text`` into the text field identified by ``locator``.</doc>
<msg timestamp="20230130 12:21:25.455" level="INFO">Typing text '675887' into text field 'xpath=//input[@id='input-19--0']'.</msg>
<status status="PASS" starttime="20230130 12:21:25.453" endtime="20230130 12:21:25.597"/>
</kw>
<kw name="Sleep" library="BuiltIn">
<arg>1s</arg>
<doc>Pauses the test executed for the given time.</doc>
<msg timestamp="20230130 12:21:26.606" level="INFO">Slept 1 second</msg>
<status status="PASS" starttime="20230130 12:21:25.597" endtime="20230130 12:21:26.606"/>
</kw>
<kw name="Click Button" library="SeleniumLibrary">
<arg>xpath=//body/div[@id='app']/div[1]/main[1]/div[1]/div[1]/div[2]/div[1]/div[3]/button[1]</arg>
<doc>Clicks the button identified by ``locator``.</doc>
<msg timestamp="20230130 12:21:26.606" level="INFO">Clicking button 'xpath=//body/div[@id='app']/div[1]/main[1]/div[1]/div[1]/div[2]/div[1]/div[3]/button[1]'.</msg>
<status status="PASS" starttime="20230130 12:21:26.606" endtime="20230130 12:21:26.650"/>
</kw>
<kw name="Sleep" library="BuiltIn">
<arg>2s</arg>
<doc>Pauses the test executed for the given time.</doc>
<msg timestamp="20230130 12:21:28.666" level="INFO">Slept 2 seconds</msg>
<status status="PASS" starttime="20230130 12:21:26.650" endtime="20230130 12:21:28.667"/>
</kw>
<kw name="Page Should Contain Element" library="SeleniumLibrary">
<arg>xpath=//h4[contains(text(),'List of Applications')]</arg>
<doc>Verifies that element ``locator`` is found on the current page.</doc>
<msg timestamp="20230130 12:21:28.689" level="INFO">Current page contains element 'xpath=//h4[contains(text(),'List of Applications')]'.</msg>
<status status="PASS" starttime="20230130 12:21:28.667" endtime="20230130 12:21:28.689"/>
</kw>
<status status="PASS" starttime="20230130 12:21:02.193" endtime="20230130 12:21:28.689"/>
</kw>
<status status="PASS" starttime="20230130 12:21:02.193" endtime="20230130 12:21:28.689"/>
</kw>
<status status="PASS" starttime="20230130 12:20:58.997" endtime="20230130 12:21:28.689"/>
</kw>
<status status="PASS" starttime="20230130 12:20:58.996" endtime="20230130 12:21:28.689"/>
</kw>
<status status="PASS" starttime="20230130 12:20:41.838" endtime="20230130 12:21:28.689"/>
</kw>
<status status="PASS" starttime="20230130 12:20:41.837" endtime="20230130 12:21:28.690"/>
</test>
<status status="PASS" starttime="20230130 12:20:38.752" endtime="20230130 12:21:28.692"/>
</suite>
<statistics>
<total>
<stat pass="1" fail="0" skip="0">All Tests</stat>
</total>
<tag>
</tag>
<suite>
<stat pass="1" fail="0" skip="0" id="s1" name="MFAemail">MFAemail</stat>
</suite>
</statistics>
<errors>
</errors>
</robot>
