<?xml version="1.0" encoding="UTF-8"?>
<robot generator="Robot 6.0.1 (Python 3.10.9 on win32)" generated="20230102 10:47:47.896" rpa="false" schemaversion="3">
<suite id="s1" name="Orangehrm Suite" source="d:\Automation\Robot Framework\OrangeHRM\OrangeHRM\orangehrm suite.robot">
<test id="s1-t1" name="Login_Search" line="11">
<kw name="Open Browser" library="SeleniumLibrary">
<arg>https://opensource-demo.orangehrmlive.com/web/index.php/auth/login</arg>
<arg>chrome</arg>
<doc>Opens a new browser instance to the optional ``url``.</doc>
<msg timestamp="20230102 10:47:48.400" level="INFO">Opening browser 'chrome' to base url 'https://opensource-demo.orangehrmlive.com/web/index.php/auth/login'.</msg>
<status status="PASS" starttime="20230102 10:47:48.398" endtime="20230102 10:47:54.037"/>
</kw>
<kw name="Sleep" library="BuiltIn">
<arg>3s</arg>
<doc>Pauses the test executed for the given time.</doc>
<msg timestamp="20230102 10:47:57.048" level="INFO">Slept 3 seconds</msg>
<status status="PASS" starttime="20230102 10:47:54.040" endtime="20230102 10:47:57.051"/>
</kw>
<kw name="Maximize Browser Window" library="SeleniumLibrary">
<doc>Maximizes current browser window.</doc>
<status status="PASS" starttime="20230102 10:47:57.055" endtime="20230102 10:47:57.239"/>
</kw>
<kw name="Sleep" library="BuiltIn">
<arg>3s</arg>
<doc>Pauses the test executed for the given time.</doc>
<msg timestamp="20230102 10:48:00.249" level="INFO">Slept 3 seconds</msg>
<status status="PASS" starttime="20230102 10:47:57.240" endtime="20230102 10:48:00.249"/>
</kw>
<kw name="Input Text" library="SeleniumLibrary">
<arg>name=username</arg>
<arg>${username}</arg>
<doc>Types the given ``text`` into the text field identified by ``locator``.</doc>
<msg timestamp="20230102 10:48:00.253" level="INFO">Typing text 'Admin' into text field 'name=username'.</msg>
<status status="PASS" starttime="20230102 10:48:00.251" endtime="20230102 10:48:00.369"/>
</kw>
<kw name="Input Text" library="SeleniumLibrary">
<arg>xpath=//body/div[@id='app']/div[1]/div[1]/div[1]/div[1]/div[2]/div[2]/form[1]/div[2]/div[1]/div[2]/input[1]</arg>
<arg>${password}</arg>
<doc>Types the given ``text`` into the text field identified by ``locator``.</doc>
<msg timestamp="20230102 10:48:00.372" level="INFO">Typing text 'admin123' into text field 'xpath=//body/div[@id='app']/div[1]/div[1]/div[1]/div[1]/div[2]/div[2]/form[1]/div[2]/div[1]/div[2]/input[1]'.</msg>
<status status="PASS" starttime="20230102 10:48:00.371" endtime="20230102 10:48:00.466"/>
</kw>
<kw name="Sleep" library="BuiltIn">
<arg>2s</arg>
<doc>Pauses the test executed for the given time.</doc>
<msg timestamp="20230102 10:48:02.473" level="INFO">Slept 2 seconds</msg>
<status status="PASS" starttime="20230102 10:48:00.466" endtime="20230102 10:48:02.474"/>
</kw>
<kw name="Click Button" library="SeleniumLibrary">
<arg>xpath=//body/div[@id='app']/div[1]/div[1]/div[1]/div[1]/div[2]/div[2]/form[1]/div[3]/button[1]</arg>
<doc>Clicks the button identified by ``locator``.</doc>
<msg timestamp="20230102 10:48:02.476" level="INFO">Clicking button 'xpath=//body/div[@id='app']/div[1]/div[1]/div[1]/div[1]/div[2]/div[2]/form[1]/div[3]/button[1]'.</msg>
<status status="PASS" starttime="20230102 10:48:02.475" endtime="20230102 10:48:02.606"/>
</kw>
<kw name="Sleep" library="BuiltIn">
<arg>2s</arg>
<doc>Pauses the test executed for the given time.</doc>
<msg timestamp="20230102 10:48:04.623" level="INFO">Slept 2 seconds</msg>
<status status="PASS" starttime="20230102 10:48:02.607" endtime="20230102 10:48:04.626"/>
</kw>
<kw name="Click Element" library="SeleniumLibrary">
<arg>xpath=//body/div[@id='app']/div[1]/div[1]/aside[1]/nav[1]/div[2]/ul[1]/li[9]/a[1]/span[1]</arg>
<doc>Click the element identified by ``locator``.</doc>
<msg timestamp="20230102 10:48:04.638" level="INFO">Clicking element 'xpath=//body/div[@id='app']/div[1]/div[1]/aside[1]/nav[1]/div[2]/ul[1]/li[9]/a[1]/span[1]'.</msg>
<status status="PASS" starttime="20230102 10:48:04.633" endtime="20230102 10:48:05.486"/>
</kw>
<kw name="Sleep" library="BuiltIn">
<arg>2s</arg>
<doc>Pauses the test executed for the given time.</doc>
<msg timestamp="20230102 10:48:07.502" level="INFO">Slept 2 seconds</msg>
<status status="PASS" starttime="20230102 10:48:05.488" endtime="20230102 10:48:07.502"/>
</kw>
<kw name="Input Text" library="SeleniumLibrary">
<arg>xpath=//body/div[@id='app']/div[1]/div[2]/div[2]/div[1]/div[1]/div[2]/form[1]/div[1]/div[1]/div[1]/div[1]/div[2]/div[1]/div[1]/input[1]</arg>
<arg>Md</arg>
<doc>Types the given ``text`` into the text field identified by ``locator``.</doc>
<msg timestamp="20230102 10:48:07.506" level="INFO">Typing text 'Md' into text field 'xpath=//body/div[@id='app']/div[1]/div[2]/div[2]/div[1]/div[1]/div[2]/form[1]/div[1]/div[1]/div[1]/div[1]/div[2]/div[1]/div[1]/input[1]'.</msg>
<status status="PASS" starttime="20230102 10:48:07.504" endtime="20230102 10:48:07.590"/>
</kw>
<kw name="Sleep" library="BuiltIn">
<arg>5s</arg>
<doc>Pauses the test executed for the given time.</doc>
<msg timestamp="20230102 10:48:12.594" level="INFO">Slept 5 seconds</msg>
<status status="PASS" starttime="20230102 10:48:07.591" endtime="20230102 10:48:12.594"/>
</kw>
<kw name="Click Element" library="SeleniumLibrary">
<arg>xpath=//*[@id="app"]/div[1]/div[2]/div[2]/div/div[1]//*[contains(text(), "Md")]</arg>
<doc>Click the element identified by ``locator``.</doc>
<msg timestamp="20230102 10:48:12.597" level="INFO">Clicking element 'xpath=//*[@id="app"]/div[1]/div[2]/div[2]/div/div[1]//*[contains(text(), "Md")]'.</msg>
<status status="PASS" starttime="20230102 10:48:12.595" endtime="20230102 10:48:12.647"/>
</kw>
<kw name="Sleep" library="BuiltIn">
<arg>2s</arg>
<doc>Pauses the test executed for the given time.</doc>
<msg timestamp="20230102 10:48:14.658" level="INFO">Slept 2 seconds</msg>
<status status="PASS" starttime="20230102 10:48:12.649" endtime="20230102 10:48:14.658"/>
</kw>
<kw name="Click Element" library="SeleniumLibrary">
<arg>xpath=//body/div[@id='app']/div[1]/div[2]/div[2]/div[1]/div[1]/div[2]/form[1]/div[1]/div[1]/div[3]/div[1]/div[2]/div[1]/div[1]/div[1]</arg>
<doc>Click the element identified by ``locator``.</doc>
<msg timestamp="20230102 10:48:14.661" level="INFO">Clicking element 'xpath=//body/div[@id='app']/div[1]/div[2]/div[2]/div[1]/div[1]/div[2]/form[1]/div[1]/div[1]/div[3]/div[1]/div[2]/div[1]/div[1]/div[1]'.</msg>
<status status="PASS" starttime="20230102 10:48:14.659" endtime="20230102 10:48:14.697"/>
</kw>
<kw name="Sleep" library="BuiltIn">
<arg>2s</arg>
<doc>Pauses the test executed for the given time.</doc>
<msg timestamp="20230102 10:48:16.706" level="INFO">Slept 2 seconds</msg>
<status status="PASS" starttime="20230102 10:48:14.699" endtime="20230102 10:48:16.706"/>
</kw>
<kw name="Click Element" library="SeleniumLibrary">
<arg>xpath=//*[@id="app"]/div[1]/div[2]/div[2]/div/div[1]//*[contains(text(), "New York Sales")]</arg>
<doc>Click the element identified by ``locator``.</doc>
<msg timestamp="20230102 10:48:16.709" level="INFO">Clicking element 'xpath=//*[@id="app"]/div[1]/div[2]/div[2]/div/div[1]//*[contains(text(), "New York Sales")]'.</msg>
<status status="PASS" starttime="20230102 10:48:16.707" endtime="20230102 10:48:16.750"/>
</kw>
<kw name="Sleep" library="BuiltIn">
<arg>2s</arg>
<doc>Pauses the test executed for the given time.</doc>
<msg timestamp="20230102 10:48:18.753" level="INFO">Slept 2 seconds</msg>
<status status="PASS" starttime="20230102 10:48:16.751" endtime="20230102 10:48:18.755"/>
</kw>
<kw name="Click Button" library="SeleniumLibrary">
<arg>xpath=//body/div[@id='app']/div[1]/div[2]/div[2]/div[1]/div[1]/div[2]/form[1]/div[2]/button[2]</arg>
<doc>Clicks the button identified by ``locator``.</doc>
<msg timestamp="20230102 10:48:18.768" level="INFO">Clicking button 'xpath=//body/div[@id='app']/div[1]/div[2]/div[2]/div[1]/div[1]/div[2]/form[1]/div[2]/button[2]'.</msg>
<status status="PASS" starttime="20230102 10:48:18.760" endtime="20230102 10:48:18.888"/>
</kw>
<kw name="Sleep" library="BuiltIn">
<arg>2s</arg>
<doc>Pauses the test executed for the given time.</doc>
<msg timestamp="20230102 10:48:20.905" level="INFO">Slept 2 seconds</msg>
<status status="PASS" starttime="20230102 10:48:18.889" endtime="20230102 10:48:20.907"/>
</kw>
<kw name="Get Text" library="SeleniumLibrary">
<var>${y}</var>
<arg>xpath=//body/div[@id='app']/div[1]/div[2]/div[2]/div[1]/div[2]/div[1]/div[2]/div[1]/div[1]/div[1]/p[1]</arg>
<doc>Returns the text value of the element identified by ``locator``.</doc>
<msg timestamp="20230102 10:48:20.957" level="INFO">${y} = Md Sanaul Islam</msg>
<status status="PASS" starttime="20230102 10:48:20.910" endtime="20230102 10:48:20.958"/>
</kw>
<kw name="Should Be True" library="BuiltIn">
<arg>"""${x}""".lower() == """${y}""".lower()</arg>
<doc>Fails if the given condition is not true.</doc>
<status status="PASS" starttime="20230102 10:48:20.958" endtime="20230102 10:48:20.960"/>
</kw>
<status status="PASS" starttime="20230102 10:47:48.395" endtime="20230102 10:48:20.961"/>
</test>
<status status="PASS" starttime="20230102 10:47:47.916" endtime="20230102 10:48:20.964"/>
</suite>
<statistics>
<total>
<stat pass="1" fail="0" skip="0">All Tests</stat>
</total>
<tag>
</tag>
<suite>
<stat pass="1" fail="0" skip="0" id="s1" name="Orangehrm Suite">Orangehrm Suite</stat>
</suite>
</statistics>
<errors>
</errors>
</robot>
