<?xml version="1.0" encoding="UTF-8"?>
<robot generator="Robot 6.0.1 (Python 3.10.9 on win32)" generated="20230222 13:05:46.884" rpa="false" schemaversion="3">
<suite id="s1" name="TI Automation Backup" source="D:\Github\TI_Automation_Backup">
<suite id="s1-s1" name="IAM" source="D:\Github\TI_Automation_Backup\IAM">
<suite id="s1-s1-s1" name="NewUserDevice" source="D:\Github\TI_Automation_Backup\IAM\NewUserDevice">
<suite id="s1-s1-s1-s1" name="NewUserDevice" source="D:\Github\TI_Automation_Backup\IAM\NewUserDevice\NewUserDevice.robot">
<test id="s1-s1-s1-s1-t1" name="Admin Portal" line="12">
<kw name="Open Portal">
<kw name="Open Browser" library="SeleniumLibrary">
<arg>${current_url}</arg>
<doc>Opens a new browser instance to the optional ``url``.</doc>
<msg timestamp="20230222 13:05:47.138" level="INFO">Opening browser 'firefox' to base url 'http://tiger-iam.com/iam-admin/'.</msg>
<msg timestamp="20230222 13:05:47.140" level="INFO">Firefox driver log is always forced to to: D:\Github\TI_Automation_Backup\results\geckodriver-13.log</msg>
<status status="PASS" starttime="20230222 13:05:47.137" endtime="20230222 13:06:01.478"/>
</kw>
<kw name="Maximize Browser Window" library="SeleniumLibrary">
<doc>Maximizes current browser window.</doc>
<status status="PASS" starttime="20230222 13:06:01.479" endtime="20230222 13:06:01.753"/>
</kw>
<kw name="Sleep" library="BuiltIn">
<arg>2s</arg>
<doc>Pauses the test executed for the given time.</doc>
<msg timestamp="20230222 13:06:03.758" level="INFO">Slept 2 seconds</msg>
<status status="PASS" starttime="20230222 13:06:01.754" endtime="20230222 13:06:03.758"/>
</kw>
<kw name="Click Element" library="SeleniumLibrary">
<arg>xpath=//header/div[1]/a[1]</arg>
<doc>Click the element identified by ``locator``.</doc>
<msg timestamp="20230222 13:06:03.760" level="INFO">Clicking element 'xpath=//header/div[1]/a[1]'.</msg>
<status status="PASS" starttime="20230222 13:06:03.759" endtime="20230222 13:06:04.023"/>
</kw>
<kw name="Sleep" library="BuiltIn">
<arg>2s</arg>
<doc>Pauses the test executed for the given time.</doc>
<msg timestamp="20230222 13:06:06.035" level="INFO">Slept 2 seconds</msg>
<status status="PASS" starttime="20230222 13:06:04.024" endtime="20230222 13:06:06.035"/>
</kw>
<kw name="Run Keyword" library="BuiltIn">
<arg>Login</arg>
<doc>Executes the given keyword with the given arguments.</doc>
<kw name="Login">
<kw name="Input Text" library="SeleniumLibrary">
<arg>id=username</arg>
<arg>${username}</arg>
<doc>Types the given ``text`` into the text field identified by ``locator``.</doc>
<msg timestamp="20230222 13:06:06.038" level="INFO">Typing text 'sunny@yopmail.com' into text field 'id=username'.</msg>
<status status="PASS" starttime="20230222 13:06:06.037" endtime="20230222 13:06:06.090"/>
</kw>
<kw name="Input Password" library="SeleniumLibrary">
<arg>id=password</arg>
<arg>${password}</arg>
<doc>Types the given password into the text field identified by ``locator``.</doc>
<msg timestamp="20230222 13:06:06.093" level="INFO">Typing password into text field 'id=password'.</msg>
<msg timestamp="20230222 13:06:06.109" level="INFO">Temporally setting log level to: NONE</msg>
<msg timestamp="20230222 13:06:06.123" level="INFO">Log level changed from NONE to INFO.</msg>
<status status="PASS" starttime="20230222 13:06:06.091" endtime="20230222 13:06:06.124"/>
</kw>
<kw name="Click Button" library="SeleniumLibrary">
<arg>xpath=//button[contains(text(),'Login')]</arg>
<doc>Clicks the button identified by ``locator``.</doc>
<msg timestamp="20230222 13:06:06.126" level="INFO">Clicking button 'xpath=//button[contains(text(),'Login')]'.</msg>
<status status="PASS" starttime="20230222 13:06:06.125" endtime="20230222 13:06:06.467"/>
</kw>
<kw name="Sleep" library="BuiltIn">
<arg>2s</arg>
<doc>Pauses the test executed for the given time.</doc>
<msg timestamp="20230222 13:06:08.483" level="INFO">Slept 2 seconds</msg>
<status status="PASS" starttime="20230222 13:06:06.467" endtime="20230222 13:06:08.483"/>
</kw>
<kw name="Execute Javascript" library="SeleniumLibrary">
<arg>window.open("https://yopmail.com/en/")</arg>
<doc>Executes the given JavaScript code with possible arguments.</doc>
<msg timestamp="20230222 13:06:08.488" level="INFO">Executing JavaScript:
window.open("https://yopmail.com/en/")
Without any arguments.</msg>
<status status="PASS" starttime="20230222 13:06:08.484" endtime="20230222 13:06:08.647"/>
</kw>
<kw name="Sleep" library="BuiltIn">
<arg>3s</arg>
<doc>Pauses the test executed for the given time.</doc>
<msg timestamp="20230222 13:06:11.661" level="INFO">Slept 3 seconds</msg>
<status status="PASS" starttime="20230222 13:06:08.647" endtime="20230222 13:06:11.662"/>
</kw>
<kw name="Switch Window" library="SeleniumLibrary">
<arg>YOPmail - Disposable Email Address - Anonymous and temporary inbox</arg>
<doc>Switches to browser window matching ``locator``.</doc>
<status status="PASS" starttime="20230222 13:06:11.662" endtime="20230222 13:06:11.750"/>
</kw>
<kw name="Sleep" library="BuiltIn">
<arg>2s</arg>
<doc>Pauses the test executed for the given time.</doc>
<msg timestamp="20230222 13:06:13.754" level="INFO">Slept 2 seconds</msg>
<status status="PASS" starttime="20230222 13:06:11.751" endtime="20230222 13:06:13.754"/>
</kw>
<kw name="Input Text" library="SeleniumLibrary">
<arg>id=login</arg>
<arg>${username}</arg>
<doc>Types the given ``text`` into the text field identified by ``locator``.</doc>
<msg timestamp="20230222 13:06:13.755" level="INFO">Typing text 'sunny@yopmail.com' into text field 'id=login'.</msg>
<status status="PASS" starttime="20230222 13:06:13.754" endtime="20230222 13:06:13.791"/>
</kw>
<kw name="Sleep" library="BuiltIn">
<arg>2s</arg>
<doc>Pauses the test executed for the given time.</doc>
<msg timestamp="20230222 13:06:15.808" level="INFO">Slept 2 seconds</msg>
<status status="PASS" starttime="20230222 13:06:13.791" endtime="20230222 13:06:15.808"/>
</kw>
<kw name="Press Keys" library="SeleniumLibrary">
<arg>id=login</arg>
<arg>ENTER</arg>
<doc>Simulates the user pressing key(s) to an element or on the active browser.</doc>
<msg timestamp="20230222 13:06:15.809" level="INFO">Sending key(s) ('ENTER',) to id=login element.</msg>
<msg timestamp="20230222 13:06:16.091" level="INFO">Pressing special key ENTER to element.</msg>
<msg timestamp="20230222 13:06:16.092" level="INFO">Releasing special key ENTER.</msg>
<status status="PASS" starttime="20230222 13:06:15.808" endtime="20230222 13:06:16.111"/>
</kw>
<kw name="Sleep" library="BuiltIn">
<arg>5s</arg>
<doc>Pauses the test executed for the given time.</doc>
<msg timestamp="20230222 13:06:21.124" level="INFO">Slept 5 seconds</msg>
<status status="PASS" starttime="20230222 13:06:16.111" endtime="20230222 13:06:21.126"/>
</kw>
<kw name="Click Button" library="SeleniumLibrary">
<arg>id=refresh</arg>
<doc>Clicks the button identified by ``locator``.</doc>
<msg timestamp="20230222 13:06:21.131" level="INFO">Clicking button 'id=refresh'.</msg>
<status status="PASS" starttime="20230222 13:06:21.127" endtime="20230222 13:06:21.377"/>
</kw>
<kw name="Sleep" library="BuiltIn">
<arg>2s</arg>
<doc>Pauses the test executed for the given time.</doc>
<msg timestamp="20230222 13:06:23.391" level="INFO">Slept 2 seconds</msg>
<status status="PASS" starttime="20230222 13:06:21.377" endtime="20230222 13:06:23.391"/>
</kw>
<kw name="Select Frame" library="SeleniumLibrary">
<arg>ifmail</arg>
<doc>Sets frame identified by ``locator`` as the current frame.</doc>
<msg timestamp="20230222 13:06:23.392" level="INFO">Selecting frame 'ifmail'.</msg>
<status status="PASS" starttime="20230222 13:06:23.391" endtime="20230222 13:06:23.398"/>
</kw>
<kw name="Element Should Contain" library="SeleniumLibrary">
<arg>xpath=//a[contains(text(),'IAM Unrecognized Login')]</arg>
<arg>IAM Unrecognized Login</arg>
<doc>Verifies that element ``locator`` contains text ``expected``.</doc>
<msg timestamp="20230222 13:06:23.526" level="INFO" html="true">&lt;/td&gt;&lt;/tr&gt;&lt;tr&gt;&lt;td colspan="3"&gt;&lt;a href="selenium-screenshot-11.png"&gt;&lt;img src="selenium-screenshot-11.png" width="800px"&gt;&lt;/a&gt;</msg>
<msg timestamp="20230222 13:06:23.527" level="FAIL">Element with locator 'xpath=//a[contains(text(),'IAM Unrecognized Login')]' not found.</msg>
<status status="FAIL" starttime="20230222 13:06:23.398" endtime="20230222 13:06:23.529"/>
</kw>
<status status="FAIL" starttime="20230222 13:06:06.036" endtime="20230222 13:06:23.529"/>
</kw>
<status status="FAIL" starttime="20230222 13:06:06.036" endtime="20230222 13:06:23.529"/>
</kw>
<status status="FAIL" starttime="20230222 13:05:47.136" endtime="20230222 13:06:23.529"/>
</kw>
<status status="FAIL" starttime="20230222 13:05:47.135" endtime="20230222 13:06:23.530">Element with locator 'xpath=//a[contains(text(),'IAM Unrecognized Login')]' not found.</status>
</test>
<status status="FAIL" starttime="20230222 13:05:46.917" endtime="20230222 13:06:23.532"/>
</suite>
<status status="FAIL" starttime="20230222 13:05:46.914" endtime="20230222 13:06:23.534"/>
</suite>
<status status="FAIL" starttime="20230222 13:05:46.911" endtime="20230222 13:06:23.537"/>
</suite>
<status status="FAIL" starttime="20230222 13:05:46.889" endtime="20230222 13:06:23.539"/>
</suite>
<statistics>
<total>
<stat pass="0" fail="1" skip="0">All Tests</stat>
</total>
<tag>
</tag>
<suite>
<stat pass="0" fail="1" skip="0" id="s1" name="TI Automation Backup">TI Automation Backup</stat>
<stat pass="0" fail="1" skip="0" id="s1-s1" name="IAM">TI Automation Backup.IAM</stat>
<stat pass="0" fail="1" skip="0" id="s1-s1-s1" name="NewUserDevice">TI Automation Backup.IAM.NewUserDevice</stat>
<stat pass="0" fail="1" skip="0" id="s1-s1-s1-s1" name="NewUserDevice">TI Automation Backup.IAM.NewUserDevice.NewUserDevice</stat>
</suite>
</statistics>
<errors>
</errors>
</robot>
