<?xml version="1.0" encoding="UTF-8"?>
<!-- Generated by org.testng.reporters.JUnitXMLReporter -->
<testsuite ignored="0" hostname="DESKTOP-KAFRPIC" failures="0" tests="7" name="Default test" time="92.975" errors="0" timestamp="2023-01-03T16:27:00 BDT">
  <testcase classname="test.com.TextExecution" name="lunchURL" time="4.348"/>
  <testcase classname="test.com.TextExecution" name="loginToSite" time="2.018"/>
  <testcase classname="test.com.TextExecution" name="addEmployee" time="58.227"/>
  <testcase classname="test.com.TextExecution" name="openDirectory" time="5.728"/>
  <testcase classname="test.com.TextExecution" name="setSearchCriteria" time="13.429"/>
  <testcase classname="test.com.TextExecution" name="performSearch" time="5.078"/>
  <testcase classname="test.com.TextExecution" name="verifySearch" time="2.193"/>
</testsuite> <!-- Default test -->
